C:\USERS\1\DESKTOP\Хлам\DOWNLOADS\DOCUMENTS\VISUAL STUDIO 2012\PROJECTS\PROJECT5\PROJECT5\DEBUG\SOURCE.OBJ
C:\USERS\1\DESKTOP\ХЛАМ\DOWNLOADS\DOCUMENTS\VISUAL STUDIO 2012\PROJECTS\PROJECT5\PROJECT5\DEBUG\VC110.PDB
C:\USERS\1\DESKTOP\хлам\DOWNLOADS\DOCUMENTS\VISUAL STUDIO 2012\PROJECTS\PROJECT5\DEBUG\PROJECT5.ILK
C:\USERS\1\DESKTOP\хлам\DOWNLOADS\DOCUMENTS\VISUAL STUDIO 2012\PROJECTS\PROJECT5\DEBUG\PROJECT5.EXE
C:\USERS\1\DESKTOP\ХЛАМ\DOWNLOADS\DOCUMENTS\VISUAL STUDIO 2012\PROJECTS\PROJECT5\DEBUG\PROJECT5.PDB
c:\Users\1\Desktop\Хлам\downloads\documents\visual studio 2012\Projects\Project5\Project5\Debug\Source.obj
c:\Users\1\Desktop\Хлам\downloads\documents\visual studio 2012\Projects\Project5\Project5\Debug\cl.command.1.tlog
c:\Users\1\Desktop\Хлам\downloads\documents\visual studio 2012\Projects\Project5\Project5\Debug\CL.read.1.tlog
c:\Users\1\Desktop\Хлам\downloads\documents\visual studio 2012\Projects\Project5\Project5\Debug\CL.write.1.tlog
c:\Users\1\Desktop\Хлам\downloads\documents\visual studio 2012\Projects\Project5\Project5\Debug\link-cvtres.read.1.tlog
c:\Users\1\Desktop\Хлам\downloads\documents\visual studio 2012\Projects\Project5\Project5\Debug\link-cvtres.write.1.tlog
c:\Users\1\Desktop\Хлам\downloads\documents\visual studio 2012\Projects\Project5\Project5\Debug\link-rc.read.1.tlog
c:\Users\1\Desktop\Хлам\downloads\documents\visual studio 2012\Projects\Project5\Project5\Debug\link-rc.write.1.tlog
c:\Users\1\Desktop\Хлам\downloads\documents\visual studio 2012\Projects\Project5\Project5\Debug\link.command.1.tlog
c:\Users\1\Desktop\Хлам\downloads\documents\visual studio 2012\Projects\Project5\Project5\Debug\link.read.1.tlog
c:\Users\1\Desktop\Хлам\downloads\documents\visual studio 2012\Projects\Project5\Project5\Debug\link.write.1.tlog
c:\Users\1\Desktop\Хлам\downloads\documents\visual studio 2012\Projects\Project5\Project5\Debug\vc110.idb
c:\Users\1\Desktop\Хлам\downloads\documents\visual studio 2012\Projects\Project5\Project5\Debug\vc110.pdb
c:\users\1\desktop\хлам\downloads\documents\visual studio 2012\Projects\Project5\Debug\Project5.pdb
c:\users\1\desktop\хлам\downloads\documents\visual studio 2012\Projects\Project5\Debug\Project5.exe
c:\users\1\desktop\хлам\downloads\documents\visual studio 2012\Projects\Project5\Debug\Project5.ilk
