C:\USERS\1\DESKTOP\Хлам\DOWNLOADS\DOCUMENTS\VISUAL STUDIO 2012\PROJECTS\HW_3\HW_3_8\HW_3_8\DEBUG\SOURCE.OBJ
C:\USERS\1\DESKTOP\ХЛАМ\DOWNLOADS\DOCUMENTS\VISUAL STUDIO 2012\PROJECTS\HW_3\HW_3_8\HW_3_8\DEBUG\VC110.PDB
C:\USERS\1\DESKTOP\Хлам\DOWNLOADS\DOCUMENTS\VISUAL STUDIO 2012\PROJECTS\HW_3\HW_3_8\DEBUG\HW_3_8.ILK
C:\USERS\1\DESKTOP\Хлам\DOWNLOADS\DOCUMENTS\VISUAL STUDIO 2012\PROJECTS\HW_3\HW_3_8\DEBUG\HW_3_8.EXE
C:\USERS\1\DESKTOP\ХЛАМ\DOWNLOADS\DOCUMENTS\VISUAL STUDIO 2012\PROJECTS\HW_3\HW_3_8\DEBUG\HW_3_8.PDB
C:\Users\1\Desktop\Хлам\Downloads\Documents\Visual Studio 2012\Projects\HW_3\HW_3_8\HW_3_8\Debug\Source.obj
C:\Users\1\Desktop\Хлам\Downloads\Documents\Visual Studio 2012\Projects\HW_3\HW_3_8\HW_3_8\Debug\cl.command.1.tlog
C:\Users\1\Desktop\Хлам\Downloads\Documents\Visual Studio 2012\Projects\HW_3\HW_3_8\HW_3_8\Debug\CL.read.1.tlog
C:\Users\1\Desktop\Хлам\Downloads\Documents\Visual Studio 2012\Projects\HW_3\HW_3_8\HW_3_8\Debug\CL.write.1.tlog
C:\Users\1\Desktop\Хлам\Downloads\Documents\Visual Studio 2012\Projects\HW_3\HW_3_8\HW_3_8\Debug\link-cvtres.read.1.tlog
C:\Users\1\Desktop\Хлам\Downloads\Documents\Visual Studio 2012\Projects\HW_3\HW_3_8\HW_3_8\Debug\link-cvtres.write.1.tlog
C:\Users\1\Desktop\Хлам\Downloads\Documents\Visual Studio 2012\Projects\HW_3\HW_3_8\HW_3_8\Debug\link-rc.read.1.tlog
C:\Users\1\Desktop\Хлам\Downloads\Documents\Visual Studio 2012\Projects\HW_3\HW_3_8\HW_3_8\Debug\link-rc.write.1.tlog
C:\Users\1\Desktop\Хлам\Downloads\Documents\Visual Studio 2012\Projects\HW_3\HW_3_8\HW_3_8\Debug\link.command.1.tlog
C:\Users\1\Desktop\Хлам\Downloads\Documents\Visual Studio 2012\Projects\HW_3\HW_3_8\HW_3_8\Debug\link.read.1.tlog
C:\Users\1\Desktop\Хлам\Downloads\Documents\Visual Studio 2012\Projects\HW_3\HW_3_8\HW_3_8\Debug\link.write.1.tlog
C:\Users\1\Desktop\Хлам\Downloads\Documents\Visual Studio 2012\Projects\HW_3\HW_3_8\HW_3_8\Debug\vc110.idb
C:\Users\1\Desktop\Хлам\Downloads\Documents\Visual Studio 2012\Projects\HW_3\HW_3_8\HW_3_8\Debug\vc110.pdb
C:\Users\1\Desktop\Хлам\Downloads\Documents\Visual Studio 2012\Projects\HW_3\HW_3_8\Debug\HW_3_8.pdb
C:\Users\1\Desktop\Хлам\Downloads\Documents\Visual Studio 2012\Projects\HW_3\HW_3_8\Debug\HW_3_8.exe
C:\Users\1\Desktop\Хлам\Downloads\Documents\Visual Studio 2012\Projects\HW_3\HW_3_8\Debug\HW_3_8.ilk
