C:\USERS\1\DESKTOP\Хлам\DOWNLOADS\DOCUMENTS\VISUAL STUDIO 2012\PROJECTS\HW_4\HW_4_4-5-6\HW_4_4-5-6\DEBUG\SOURCE.OBJ
C:\USERS\1\DESKTOP\ХЛАМ\DOWNLOADS\DOCUMENTS\VISUAL STUDIO 2012\PROJECTS\HW_4\HW_4_4-5-6\HW_4_4-5-6\DEBUG\VC110.PDB
C:\USERS\1\DESKTOP\Хлам\DOWNLOADS\DOCUMENTS\VISUAL STUDIO 2012\PROJECTS\HW_4\HW_4_4-5-6\DEBUG\HW_4_4-5-6.ILK
C:\USERS\1\DESKTOP\Хлам\DOWNLOADS\DOCUMENTS\VISUAL STUDIO 2012\PROJECTS\HW_4\HW_4_4-5-6\DEBUG\HW_4_4-5-6.EXE
C:\USERS\1\DESKTOP\ХЛАМ\DOWNLOADS\DOCUMENTS\VISUAL STUDIO 2012\PROJECTS\HW_4\HW_4_4-5-6\DEBUG\HW_4_4-5-6.PDB
C:\Users\1\Desktop\Хлам\Downloads\Documents\Visual Studio 2012\Projects\HW_4\HW_4_4-5-6\HW_4_4-5-6\Debug\Source.obj
C:\Users\1\Desktop\Хлам\Downloads\Documents\Visual Studio 2012\Projects\HW_4\HW_4_4-5-6\HW_4_4-5-6\Debug\cl.command.1.tlog
C:\Users\1\Desktop\Хлам\Downloads\Documents\Visual Studio 2012\Projects\HW_4\HW_4_4-5-6\HW_4_4-5-6\Debug\CL.read.1.tlog
C:\Users\1\Desktop\Хлам\Downloads\Documents\Visual Studio 2012\Projects\HW_4\HW_4_4-5-6\HW_4_4-5-6\Debug\CL.write.1.tlog
C:\Users\1\Desktop\Хлам\Downloads\Documents\Visual Studio 2012\Projects\HW_4\HW_4_4-5-6\HW_4_4-5-6\Debug\link-cvtres.read.1.tlog
C:\Users\1\Desktop\Хлам\Downloads\Documents\Visual Studio 2012\Projects\HW_4\HW_4_4-5-6\HW_4_4-5-6\Debug\link-cvtres.write.1.tlog
C:\Users\1\Desktop\Хлам\Downloads\Documents\Visual Studio 2012\Projects\HW_4\HW_4_4-5-6\HW_4_4-5-6\Debug\link-rc.read.1.tlog
C:\Users\1\Desktop\Хлам\Downloads\Documents\Visual Studio 2012\Projects\HW_4\HW_4_4-5-6\HW_4_4-5-6\Debug\link-rc.write.1.tlog
C:\Users\1\Desktop\Хлам\Downloads\Documents\Visual Studio 2012\Projects\HW_4\HW_4_4-5-6\HW_4_4-5-6\Debug\link.command.1.tlog
C:\Users\1\Desktop\Хлам\Downloads\Documents\Visual Studio 2012\Projects\HW_4\HW_4_4-5-6\HW_4_4-5-6\Debug\link.read.1.tlog
C:\Users\1\Desktop\Хлам\Downloads\Documents\Visual Studio 2012\Projects\HW_4\HW_4_4-5-6\HW_4_4-5-6\Debug\link.write.1.tlog
C:\Users\1\Desktop\Хлам\Downloads\Documents\Visual Studio 2012\Projects\HW_4\HW_4_4-5-6\HW_4_4-5-6\Debug\vc110.idb
C:\Users\1\Desktop\Хлам\Downloads\Documents\Visual Studio 2012\Projects\HW_4\HW_4_4-5-6\HW_4_4-5-6\Debug\vc110.pdb
C:\Users\1\Desktop\Хлам\Downloads\Documents\Visual Studio 2012\Projects\HW_4\HW_4_4-5-6\Debug\HW_4_4-5-6.pdb
C:\Users\1\Desktop\Хлам\Downloads\Documents\Visual Studio 2012\Projects\HW_4\HW_4_4-5-6\Debug\HW_4_4-5-6.exe
C:\Users\1\Desktop\Хлам\Downloads\Documents\Visual Studio 2012\Projects\HW_4\HW_4_4-5-6\Debug\HW_4_4-5-6.ilk
