C:\USERS\1\DESKTOP\Хлам\DOWNLOADS\DOCUMENTS\VISUAL STUDIO 2012\PROJECTS\HW_2_2\HW_2_2\DEBUG\SOURCE.OBJ
C:\USERS\1\DESKTOP\ХЛАМ\DOWNLOADS\DOCUMENTS\VISUAL STUDIO 2012\PROJECTS\HW_2_2\HW_2_2\DEBUG\VC110.PDB
C:\USERS\1\DESKTOP\хлам\DOWNLOADS\DOCUMENTS\VISUAL STUDIO 2012\PROJECTS\HW_2_2\DEBUG\HW_2_2.ILK
C:\USERS\1\DESKTOP\хлам\DOWNLOADS\DOCUMENTS\VISUAL STUDIO 2012\PROJECTS\HW_2_2\DEBUG\HW_2_2.EXE
C:\USERS\1\DESKTOP\ХЛАМ\DOWNLOADS\DOCUMENTS\VISUAL STUDIO 2012\PROJECTS\HW_2_2\DEBUG\HW_2_2.PDB
c:\Users\1\Desktop\Хлам\downloads\documents\visual studio 2012\Projects\HW_2_2\HW_2_2\Debug\Source.obj
c:\Users\1\Desktop\Хлам\downloads\documents\visual studio 2012\Projects\HW_2_2\HW_2_2\Debug\cl.command.1.tlog
c:\Users\1\Desktop\Хлам\downloads\documents\visual studio 2012\Projects\HW_2_2\HW_2_2\Debug\CL.read.1.tlog
c:\Users\1\Desktop\Хлам\downloads\documents\visual studio 2012\Projects\HW_2_2\HW_2_2\Debug\CL.write.1.tlog
c:\Users\1\Desktop\Хлам\downloads\documents\visual studio 2012\Projects\HW_2_2\HW_2_2\Debug\link-cvtres.read.1.tlog
c:\Users\1\Desktop\Хлам\downloads\documents\visual studio 2012\Projects\HW_2_2\HW_2_2\Debug\link-cvtres.write.1.tlog
c:\Users\1\Desktop\Хлам\downloads\documents\visual studio 2012\Projects\HW_2_2\HW_2_2\Debug\link-rc.read.1.tlog
c:\Users\1\Desktop\Хлам\downloads\documents\visual studio 2012\Projects\HW_2_2\HW_2_2\Debug\link-rc.write.1.tlog
c:\Users\1\Desktop\Хлам\downloads\documents\visual studio 2012\Projects\HW_2_2\HW_2_2\Debug\link.command.1.tlog
c:\Users\1\Desktop\Хлам\downloads\documents\visual studio 2012\Projects\HW_2_2\HW_2_2\Debug\link.read.1.tlog
c:\Users\1\Desktop\Хлам\downloads\documents\visual studio 2012\Projects\HW_2_2\HW_2_2\Debug\link.write.1.tlog
c:\Users\1\Desktop\Хлам\downloads\documents\visual studio 2012\Projects\HW_2_2\HW_2_2\Debug\vc110.idb
c:\Users\1\Desktop\Хлам\downloads\documents\visual studio 2012\Projects\HW_2_2\HW_2_2\Debug\vc110.pdb
c:\users\1\desktop\хлам\downloads\documents\visual studio 2012\Projects\HW_2_2\Debug\HW_2_2.pdb
c:\users\1\desktop\хлам\downloads\documents\visual studio 2012\Projects\HW_2_2\Debug\HW_2_2.exe
c:\users\1\desktop\хлам\downloads\documents\visual studio 2012\Projects\HW_2_2\Debug\HW_2_2.ilk
