C:\USERS\1\DESKTOP\Хлам\DOWNLOADS\DOCUMENTS\VISUAL STUDIO 2012\PROJECTS\HW_5\HW_5_1-2\HW_5_1-2\DEBUG\SOURCE.OBJ
C:\USERS\1\DESKTOP\ХЛАМ\DOWNLOADS\DOCUMENTS\VISUAL STUDIO 2012\PROJECTS\HW_5\HW_5_1-2\HW_5_1-2\DEBUG\VC110.PDB
C:\USERS\1\DESKTOP\Хлам\DOWNLOADS\DOCUMENTS\VISUAL STUDIO 2012\PROJECTS\HW_5\HW_5_1-2\DEBUG\HW_5_1-2.ILK
C:\USERS\1\DESKTOP\Хлам\DOWNLOADS\DOCUMENTS\VISUAL STUDIO 2012\PROJECTS\HW_5\HW_5_1-2\DEBUG\HW_5_1-2.EXE
C:\USERS\1\DESKTOP\ХЛАМ\DOWNLOADS\DOCUMENTS\VISUAL STUDIO 2012\PROJECTS\HW_5\HW_5_1-2\DEBUG\HW_5_1-2.PDB
C:\Users\1\Desktop\Хлам\Downloads\Documents\Visual Studio 2012\Projects\HW_5\HW_5_1-2\HW_5_1-2\Debug\Source.obj
C:\Users\1\Desktop\Хлам\Downloads\Documents\Visual Studio 2012\Projects\HW_5\HW_5_1-2\HW_5_1-2\Debug\cl.command.1.tlog
C:\Users\1\Desktop\Хлам\Downloads\Documents\Visual Studio 2012\Projects\HW_5\HW_5_1-2\HW_5_1-2\Debug\CL.read.1.tlog
C:\Users\1\Desktop\Хлам\Downloads\Documents\Visual Studio 2012\Projects\HW_5\HW_5_1-2\HW_5_1-2\Debug\CL.write.1.tlog
C:\Users\1\Desktop\Хлам\Downloads\Documents\Visual Studio 2012\Projects\HW_5\HW_5_1-2\HW_5_1-2\Debug\link-cvtres.read.1.tlog
C:\Users\1\Desktop\Хлам\Downloads\Documents\Visual Studio 2012\Projects\HW_5\HW_5_1-2\HW_5_1-2\Debug\link-cvtres.write.1.tlog
C:\Users\1\Desktop\Хлам\Downloads\Documents\Visual Studio 2012\Projects\HW_5\HW_5_1-2\HW_5_1-2\Debug\link-rc.read.1.tlog
C:\Users\1\Desktop\Хлам\Downloads\Documents\Visual Studio 2012\Projects\HW_5\HW_5_1-2\HW_5_1-2\Debug\link-rc.write.1.tlog
C:\Users\1\Desktop\Хлам\Downloads\Documents\Visual Studio 2012\Projects\HW_5\HW_5_1-2\HW_5_1-2\Debug\link.command.1.tlog
C:\Users\1\Desktop\Хлам\Downloads\Documents\Visual Studio 2012\Projects\HW_5\HW_5_1-2\HW_5_1-2\Debug\link.read.1.tlog
C:\Users\1\Desktop\Хлам\Downloads\Documents\Visual Studio 2012\Projects\HW_5\HW_5_1-2\HW_5_1-2\Debug\link.write.1.tlog
C:\Users\1\Desktop\Хлам\Downloads\Documents\Visual Studio 2012\Projects\HW_5\HW_5_1-2\HW_5_1-2\Debug\vc110.idb
C:\Users\1\Desktop\Хлам\Downloads\Documents\Visual Studio 2012\Projects\HW_5\HW_5_1-2\HW_5_1-2\Debug\vc110.pdb
C:\Users\1\Desktop\Хлам\Downloads\Documents\Visual Studio 2012\Projects\HW_5\HW_5_1-2\Debug\HW_5_1-2.pdb
C:\Users\1\Desktop\Хлам\Downloads\Documents\Visual Studio 2012\Projects\HW_5\HW_5_1-2\Debug\HW_5_1-2.exe
C:\Users\1\Desktop\Хлам\Downloads\Documents\Visual Studio 2012\Projects\HW_5\HW_5_1-2\Debug\HW_5_1-2.ilk
