Build started 10.06.2020 5:10:49.
     1>Project "D:\Program Files (x86)\Visual Studio 2012\Projects\HW_6\HW_6_5\HW_6_5\HW_6_5.vcxproj" on node 2 (Build target(s)).
     1>ClCompile:
         D:\рр\VC\bin\CL.exe /c /ZI /nologo /W3 /WX- /Od /Oy- /D _MBCS /Gm /EHsc /RTC1 /MDd /GS /fp:precise /Zc:wchar_t /Zc:forScope /Fo"Debug\\" /Fd"Debug\vc110.pdb" /Gd /TP /analyze- /errorReport:prompt Source.cpp
         Source.cpp
     1>d:\program files (x86)\visual studio 2012\projects\hw_6\hw_6_5\hw_6_5\source.cpp(1): warning C4067: unexpected tokens following preprocessor directive - expected a newline
     1>d:\program files (x86)\visual studio 2012\projects\hw_6\hw_6_5\hw_6_5\source.cpp(14): warning C4244: '=' : conversion from 'int' to 'float', possible loss of data
     1>d:\program files (x86)\visual studio 2012\projects\hw_6\hw_6_5\hw_6_5\source.cpp(45): warning C4244: '=' : conversion from 'int' to 'float', possible loss of data
     1>d:\program files (x86)\visual studio 2012\projects\hw_6\hw_6_5\hw_6_5\source.cpp(49): warning C4244: '=' : conversion from 'int' to 'float', possible loss of data
     1>d:\program files (x86)\visual studio 2012\projects\hw_6\hw_6_5\hw_6_5\source.cpp(86): warning C4244: '=' : conversion from 'int' to 'float', possible loss of data
     1>d:\program files (x86)\visual studio 2012\projects\hw_6\hw_6_5\hw_6_5\source.cpp(90): warning C4244: '=' : conversion from 'int' to 'float', possible loss of data
     1>d:\program files (x86)\visual studio 2012\projects\hw_6\hw_6_5\hw_6_5\source.cpp(126): warning C4244: '=' : conversion from 'int' to 'float', possible loss of data
     1>d:\program files (x86)\visual studio 2012\projects\hw_6\hw_6_5\hw_6_5\source.cpp(138): warning C4244: '=' : conversion from 'float' to 'int', possible loss of data
     1>d:\program files (x86)\visual studio 2012\projects\hw_6\hw_6_5\hw_6_5\source.cpp(140): warning C4244: '=' : conversion from 'int' to 'float', possible loss of data
     1>d:\program files (x86)\visual studio 2012\projects\hw_6\hw_6_5\hw_6_5\source.cpp(122): warning C4101: 'matB' : unreferenced local variable
     1>d:\program files (x86)\visual studio 2012\projects\hw_6\hw_6_5\hw_6_5\source.cpp(153): warning C4305: 'argument' : truncation from 'double' to 'float'
       Link:
         D:\рр\VC\bin\link.exe /ERRORREPORT:PROMPT /OUT:"D:\Program Files (x86)\Visual Studio 2012\Projects\HW_6\HW_6_5\Debug\HW_6_5.exe" /INCREMENTAL /NOLOGO kernel32.lib user32.lib gdi32.lib winspool.lib comdlg32.lib advapi32.lib shell32.lib ole32.lib oleaut32.lib uuid.lib odbc32.lib odbccp32.lib /MANIFEST /MANIFESTUAC:"level='asInvoker' uiAccess='false'" /manifest:embed /DEBUG /PDB:"D:\Program Files (x86)\Visual Studio 2012\Projects\HW_6\HW_6_5\Debug\HW_6_5.pdb" /TLBID:1 /DYNAMICBASE /NXCOMPAT /IMPLIB:"D:\Program Files (x86)\Visual Studio 2012\Projects\HW_6\HW_6_5\Debug\HW_6_5.lib" /MACHINE:X86 Debug\Source.obj
         HW_6_5.vcxproj -> D:\Program Files (x86)\Visual Studio 2012\Projects\HW_6\HW_6_5\Debug\HW_6_5.exe
     1>Done Building Project "D:\Program Files (x86)\Visual Studio 2012\Projects\HW_6\HW_6_5\HW_6_5\HW_6_5.vcxproj" (Build target(s)).

Build succeeded.

Time Elapsed 00:00:01.23
