C:\USERS\1\DESKTOP\Хлам\DOWNLOADS\DOCUMENTS\VISUAL STUDIO 2012\PROJECTS\PROJECT6\PROJECT6\DEBUG\SOURCE.OBJ
C:\USERS\1\DESKTOP\ХЛАМ\DOWNLOADS\DOCUMENTS\VISUAL STUDIO 2012\PROJECTS\PROJECT6\PROJECT6\DEBUG\VC110.PDB
C:\USERS\1\DESKTOP\хлам\DOWNLOADS\DOCUMENTS\VISUAL STUDIO 2012\PROJECTS\PROJECT6\DEBUG\PROJECT6.ILK
C:\USERS\1\DESKTOP\хлам\DOWNLOADS\DOCUMENTS\VISUAL STUDIO 2012\PROJECTS\PROJECT6\DEBUG\PROJECT6.EXE
C:\USERS\1\DESKTOP\ХЛАМ\DOWNLOADS\DOCUMENTS\VISUAL STUDIO 2012\PROJECTS\PROJECT6\DEBUG\PROJECT6.PDB
c:\Users\1\Desktop\Хлам\downloads\documents\visual studio 2012\Projects\Project6\Project6\Debug\Source.obj
c:\Users\1\Desktop\Хлам\downloads\documents\visual studio 2012\Projects\Project6\Project6\Debug\cl.command.1.tlog
c:\Users\1\Desktop\Хлам\downloads\documents\visual studio 2012\Projects\Project6\Project6\Debug\CL.read.1.tlog
c:\Users\1\Desktop\Хлам\downloads\documents\visual studio 2012\Projects\Project6\Project6\Debug\CL.write.1.tlog
c:\Users\1\Desktop\Хлам\downloads\documents\visual studio 2012\Projects\Project6\Project6\Debug\link-cvtres.read.1.tlog
c:\Users\1\Desktop\Хлам\downloads\documents\visual studio 2012\Projects\Project6\Project6\Debug\link-cvtres.write.1.tlog
c:\Users\1\Desktop\Хлам\downloads\documents\visual studio 2012\Projects\Project6\Project6\Debug\link-rc.read.1.tlog
c:\Users\1\Desktop\Хлам\downloads\documents\visual studio 2012\Projects\Project6\Project6\Debug\link-rc.write.1.tlog
c:\Users\1\Desktop\Хлам\downloads\documents\visual studio 2012\Projects\Project6\Project6\Debug\link.command.1.tlog
c:\Users\1\Desktop\Хлам\downloads\documents\visual studio 2012\Projects\Project6\Project6\Debug\link.read.1.tlog
c:\Users\1\Desktop\Хлам\downloads\documents\visual studio 2012\Projects\Project6\Project6\Debug\link.write.1.tlog
c:\Users\1\Desktop\Хлам\downloads\documents\visual studio 2012\Projects\Project6\Project6\Debug\vc110.idb
c:\Users\1\Desktop\Хлам\downloads\documents\visual studio 2012\Projects\Project6\Project6\Debug\vc110.pdb
c:\users\1\desktop\хлам\downloads\documents\visual studio 2012\Projects\Project6\Debug\Project6.pdb
c:\users\1\desktop\хлам\downloads\documents\visual studio 2012\Projects\Project6\Debug\Project6.exe
c:\users\1\desktop\хлам\downloads\documents\visual studio 2012\Projects\Project6\Debug\Project6.ilk
