D:\PROGRAM FILES (X86)\VISUAL STUDIO 2012\PROJECTS\HW_5\HW_5_3\HW_5_3\DEBUG\SOURCE.OBJ
D:\PROGRAM FILES (X86)\VISUAL STUDIO 2012\PROJECTS\HW_5\HW_5_3\HW_5_3\DEBUG\VC110.PDB
D:\PROGRAM FILES (X86)\VISUAL STUDIO 2012\PROJECTS\HW_5\HW_5_3\DEBUG\HW_5_3.ILK
D:\PROGRAM FILES (X86)\VISUAL STUDIO 2012\PROJECTS\HW_5\HW_5_3\DEBUG\HW_5_3.EXE
D:\PROGRAM FILES (X86)\VISUAL STUDIO 2012\PROJECTS\HW_5\HW_5_3\DEBUG\HW_5_3.PDB
D:\Program Files (x86)\Visual Studio 2012\Projects\HW_5\HW_5_3\HW_5_3\Debug\Source.obj
D:\Program Files (x86)\Visual Studio 2012\Projects\HW_5\HW_5_3\HW_5_3\Debug\cl.command.1.tlog
D:\Program Files (x86)\Visual Studio 2012\Projects\HW_5\HW_5_3\HW_5_3\Debug\CL.read.1.tlog
D:\Program Files (x86)\Visual Studio 2012\Projects\HW_5\HW_5_3\HW_5_3\Debug\CL.write.1.tlog
D:\Program Files (x86)\Visual Studio 2012\Projects\HW_5\HW_5_3\HW_5_3\Debug\link-cvtres.read.1.tlog
D:\Program Files (x86)\Visual Studio 2012\Projects\HW_5\HW_5_3\HW_5_3\Debug\link-cvtres.write.1.tlog
D:\Program Files (x86)\Visual Studio 2012\Projects\HW_5\HW_5_3\HW_5_3\Debug\link-rc.read.1.tlog
D:\Program Files (x86)\Visual Studio 2012\Projects\HW_5\HW_5_3\HW_5_3\Debug\link-rc.write.1.tlog
D:\Program Files (x86)\Visual Studio 2012\Projects\HW_5\HW_5_3\HW_5_3\Debug\link.6864-cvtres.read.1.tlog
D:\Program Files (x86)\Visual Studio 2012\Projects\HW_5\HW_5_3\HW_5_3\Debug\link.6864-cvtres.write.1.tlog
D:\Program Files (x86)\Visual Studio 2012\Projects\HW_5\HW_5_3\HW_5_3\Debug\link.6864-rc.read.1.tlog
D:\Program Files (x86)\Visual Studio 2012\Projects\HW_5\HW_5_3\HW_5_3\Debug\link.6864-rc.write.1.tlog
D:\Program Files (x86)\Visual Studio 2012\Projects\HW_5\HW_5_3\HW_5_3\Debug\link.6864.read.1.tlog
D:\Program Files (x86)\Visual Studio 2012\Projects\HW_5\HW_5_3\HW_5_3\Debug\link.6864.write.1.tlog
D:\Program Files (x86)\Visual Studio 2012\Projects\HW_5\HW_5_3\HW_5_3\Debug\link.command.1.tlog
D:\Program Files (x86)\Visual Studio 2012\Projects\HW_5\HW_5_3\HW_5_3\Debug\link.read.1.tlog
D:\Program Files (x86)\Visual Studio 2012\Projects\HW_5\HW_5_3\HW_5_3\Debug\link.write.1.tlog
D:\Program Files (x86)\Visual Studio 2012\Projects\HW_5\HW_5_3\HW_5_3\Debug\vc110.idb
D:\Program Files (x86)\Visual Studio 2012\Projects\HW_5\HW_5_3\HW_5_3\Debug\vc110.pdb
D:\Program Files (x86)\Visual Studio 2012\Projects\HW_5\HW_5_3\Debug\HW_5_3.pdb
D:\Program Files (x86)\Visual Studio 2012\Projects\HW_5\HW_5_3\Debug\HW_5_3.exe
D:\Program Files (x86)\Visual Studio 2012\Projects\HW_5\HW_5_3\Debug\HW_5_3.ilk
