C:\USERS\1\DESKTOP\Хлам\DOWNLOADS\DOCUMENTS\VISUAL STUDIO 2012\PROJECTS\PROJECT4\PROJECT4\DEBUG\SOURCE.OBJ
C:\USERS\1\DESKTOP\ХЛАМ\DOWNLOADS\DOCUMENTS\VISUAL STUDIO 2012\PROJECTS\PROJECT4\PROJECT4\DEBUG\VC110.PDB
C:\USERS\1\DESKTOP\Хлам\DOWNLOADS\DOCUMENTS\VISUAL STUDIO 2012\PROJECTS\PROJECT4\DEBUG\PROJECT4.ILK
C:\USERS\1\DESKTOP\Хлам\DOWNLOADS\DOCUMENTS\VISUAL STUDIO 2012\PROJECTS\PROJECT4\DEBUG\PROJECT4.EXE
C:\USERS\1\DESKTOP\ХЛАМ\DOWNLOADS\DOCUMENTS\VISUAL STUDIO 2012\PROJECTS\PROJECT4\DEBUG\PROJECT4.PDB
C:\Users\1\Desktop\Хлам\Downloads\Documents\Visual Studio 2012\Projects\Project4\Project4\Debug\Source.obj
C:\Users\1\Desktop\Хлам\Downloads\Documents\Visual Studio 2012\Projects\Project4\Project4\Debug\cl.command.1.tlog
C:\Users\1\Desktop\Хлам\Downloads\Documents\Visual Studio 2012\Projects\Project4\Project4\Debug\CL.read.1.tlog
C:\Users\1\Desktop\Хлам\Downloads\Documents\Visual Studio 2012\Projects\Project4\Project4\Debug\CL.write.1.tlog
C:\Users\1\Desktop\Хлам\Downloads\Documents\Visual Studio 2012\Projects\Project4\Project4\Debug\link-cvtres.read.1.tlog
C:\Users\1\Desktop\Хлам\Downloads\Documents\Visual Studio 2012\Projects\Project4\Project4\Debug\link-cvtres.write.1.tlog
C:\Users\1\Desktop\Хлам\Downloads\Documents\Visual Studio 2012\Projects\Project4\Project4\Debug\link-rc.read.1.tlog
C:\Users\1\Desktop\Хлам\Downloads\Documents\Visual Studio 2012\Projects\Project4\Project4\Debug\link-rc.write.1.tlog
C:\Users\1\Desktop\Хлам\Downloads\Documents\Visual Studio 2012\Projects\Project4\Project4\Debug\link.command.1.tlog
C:\Users\1\Desktop\Хлам\Downloads\Documents\Visual Studio 2012\Projects\Project4\Project4\Debug\link.read.1.tlog
C:\Users\1\Desktop\Хлам\Downloads\Documents\Visual Studio 2012\Projects\Project4\Project4\Debug\link.write.1.tlog
C:\Users\1\Desktop\Хлам\Downloads\Documents\Visual Studio 2012\Projects\Project4\Project4\Debug\vc110.idb
C:\Users\1\Desktop\Хлам\Downloads\Documents\Visual Studio 2012\Projects\Project4\Project4\Debug\vc110.pdb
C:\Users\1\Desktop\Хлам\Downloads\Documents\Visual Studio 2012\Projects\Project4\Debug\Project4.pdb
C:\Users\1\Desktop\Хлам\Downloads\Documents\Visual Studio 2012\Projects\Project4\Debug\Project4.exe
C:\Users\1\Desktop\Хлам\Downloads\Documents\Visual Studio 2012\Projects\Project4\Debug\Project4.ilk
