D:\PROGRAM FILES (X86)\VISUAL STUDIO 2012\PROJECTS\HW_7\HW_7_5\HW_7_5\DEBUG\VC110.PDB
D:\PROGRAM FILES (X86)\VISUAL STUDIO 2012\PROJECTS\HW_7\HW_7_5\HW_7_5\DEBUG\SOURCE.OBJ
D:\PROGRAM FILES (X86)\VISUAL STUDIO 2012\PROJECTS\HW_7\HW_7_5\DEBUG\HW_7_5.ILK
D:\PROGRAM FILES (X86)\VISUAL STUDIO 2012\PROJECTS\HW_7\HW_7_5\DEBUG\HW_7_5.EXE
D:\PROGRAM FILES (X86)\VISUAL STUDIO 2012\PROJECTS\HW_7\HW_7_5\DEBUG\HW_7_5.PDB
D:\Program Files (x86)\Visual Studio 2012\Projects\HW_7\HW_7_5\HW_7_5\Debug\Source.obj
D:\Program Files (x86)\Visual Studio 2012\Projects\HW_7\HW_7_5\HW_7_5\Debug\cl.command.1.tlog
D:\Program Files (x86)\Visual Studio 2012\Projects\HW_7\HW_7_5\HW_7_5\Debug\CL.read.1.tlog
D:\Program Files (x86)\Visual Studio 2012\Projects\HW_7\HW_7_5\HW_7_5\Debug\CL.write.1.tlog
D:\Program Files (x86)\Visual Studio 2012\Projects\HW_7\HW_7_5\HW_7_5\Debug\link-cvtres.read.1.tlog
D:\Program Files (x86)\Visual Studio 2012\Projects\HW_7\HW_7_5\HW_7_5\Debug\link-cvtres.write.1.tlog
D:\Program Files (x86)\Visual Studio 2012\Projects\HW_7\HW_7_5\HW_7_5\Debug\link-rc.read.1.tlog
D:\Program Files (x86)\Visual Studio 2012\Projects\HW_7\HW_7_5\HW_7_5\Debug\link-rc.write.1.tlog
D:\Program Files (x86)\Visual Studio 2012\Projects\HW_7\HW_7_5\HW_7_5\Debug\link.command.1.tlog
D:\Program Files (x86)\Visual Studio 2012\Projects\HW_7\HW_7_5\HW_7_5\Debug\link.read.1.tlog
D:\Program Files (x86)\Visual Studio 2012\Projects\HW_7\HW_7_5\HW_7_5\Debug\link.write.1.tlog
D:\Program Files (x86)\Visual Studio 2012\Projects\HW_7\HW_7_5\HW_7_5\Debug\vc110.idb
D:\Program Files (x86)\Visual Studio 2012\Projects\HW_7\HW_7_5\HW_7_5\Debug\vc110.pdb
D:\Program Files (x86)\Visual Studio 2012\Projects\HW_7\HW_7_5\Debug\HW_7_5.pdb
D:\Program Files (x86)\Visual Studio 2012\Projects\HW_7\HW_7_5\Debug\HW_7_5.exe
D:\Program Files (x86)\Visual Studio 2012\Projects\HW_7\HW_7_5\Debug\HW_7_5.ilk
