D:\PROGRAM FILES (X86)\VISUAL STUDIO 2012\PROJECTS\HW_7\HW_7_3\HW_7_3\DEBUG\VC110.PDB
D:\PROGRAM FILES (X86)\VISUAL STUDIO 2012\PROJECTS\HW_7\HW_7_3\HW_7_3\DEBUG\SOURCE.OBJ
D:\PROGRAM FILES (X86)\VISUAL STUDIO 2012\PROJECTS\HW_7\HW_7_3\DEBUG\HW_7_3.ILK
D:\PROGRAM FILES (X86)\VISUAL STUDIO 2012\PROJECTS\HW_7\HW_7_3\DEBUG\HW_7_3.EXE
D:\PROGRAM FILES (X86)\VISUAL STUDIO 2012\PROJECTS\HW_7\HW_7_3\DEBUG\HW_7_3.PDB
D:\Program Files (x86)\Visual Studio 2012\Projects\HW_7\HW_7_3\HW_7_3\Debug\Source.obj
D:\Program Files (x86)\Visual Studio 2012\Projects\HW_7\HW_7_3\HW_7_3\Debug\cl.command.1.tlog
D:\Program Files (x86)\Visual Studio 2012\Projects\HW_7\HW_7_3\HW_7_3\Debug\CL.read.1.tlog
D:\Program Files (x86)\Visual Studio 2012\Projects\HW_7\HW_7_3\HW_7_3\Debug\CL.write.1.tlog
D:\Program Files (x86)\Visual Studio 2012\Projects\HW_7\HW_7_3\HW_7_3\Debug\link-cvtres.read.1.tlog
D:\Program Files (x86)\Visual Studio 2012\Projects\HW_7\HW_7_3\HW_7_3\Debug\link-cvtres.write.1.tlog
D:\Program Files (x86)\Visual Studio 2012\Projects\HW_7\HW_7_3\HW_7_3\Debug\link-rc.read.1.tlog
D:\Program Files (x86)\Visual Studio 2012\Projects\HW_7\HW_7_3\HW_7_3\Debug\link-rc.write.1.tlog
D:\Program Files (x86)\Visual Studio 2012\Projects\HW_7\HW_7_3\HW_7_3\Debug\link.2980-cvtres.read.1.tlog
D:\Program Files (x86)\Visual Studio 2012\Projects\HW_7\HW_7_3\HW_7_3\Debug\link.2980-cvtres.write.1.tlog
D:\Program Files (x86)\Visual Studio 2012\Projects\HW_7\HW_7_3\HW_7_3\Debug\link.2980-rc.read.1.tlog
D:\Program Files (x86)\Visual Studio 2012\Projects\HW_7\HW_7_3\HW_7_3\Debug\link.2980-rc.write.1.tlog
D:\Program Files (x86)\Visual Studio 2012\Projects\HW_7\HW_7_3\HW_7_3\Debug\link.2980.read.1.tlog
D:\Program Files (x86)\Visual Studio 2012\Projects\HW_7\HW_7_3\HW_7_3\Debug\link.2980.write.1.tlog
D:\Program Files (x86)\Visual Studio 2012\Projects\HW_7\HW_7_3\HW_7_3\Debug\link.5560-cvtres.read.1.tlog
D:\Program Files (x86)\Visual Studio 2012\Projects\HW_7\HW_7_3\HW_7_3\Debug\link.5560-cvtres.write.1.tlog
D:\Program Files (x86)\Visual Studio 2012\Projects\HW_7\HW_7_3\HW_7_3\Debug\link.5560-rc.read.1.tlog
D:\Program Files (x86)\Visual Studio 2012\Projects\HW_7\HW_7_3\HW_7_3\Debug\link.5560-rc.write.1.tlog
D:\Program Files (x86)\Visual Studio 2012\Projects\HW_7\HW_7_3\HW_7_3\Debug\link.5560.read.1.tlog
D:\Program Files (x86)\Visual Studio 2012\Projects\HW_7\HW_7_3\HW_7_3\Debug\link.5560.write.1.tlog
D:\Program Files (x86)\Visual Studio 2012\Projects\HW_7\HW_7_3\HW_7_3\Debug\link.command.1.tlog
D:\Program Files (x86)\Visual Studio 2012\Projects\HW_7\HW_7_3\HW_7_3\Debug\link.read.1.tlog
D:\Program Files (x86)\Visual Studio 2012\Projects\HW_7\HW_7_3\HW_7_3\Debug\link.write.1.tlog
D:\Program Files (x86)\Visual Studio 2012\Projects\HW_7\HW_7_3\HW_7_3\Debug\vc110.idb
D:\Program Files (x86)\Visual Studio 2012\Projects\HW_7\HW_7_3\HW_7_3\Debug\vc110.pdb
D:\Program Files (x86)\Visual Studio 2012\Projects\HW_7\HW_7_3\Debug\HW_7_3.pdb
D:\Program Files (x86)\Visual Studio 2012\Projects\HW_7\HW_7_3\Debug\HW_7_3.exe
D:\Program Files (x86)\Visual Studio 2012\Projects\HW_7\HW_7_3\Debug\HW_7_3.ilk
